2023-02-15 00:34:07.048+0000 WARN  Config file [neo4j/conf/neo4j.conf/neo4j.conf] does not exist.
2023-02-15 00:34:07.064+0000 INFO  Starting...
2023-02-15 00:34:08.245+0000 INFO  This instance is ServerId{8a40ad5d} (8a40ad5d-a63c-4c7f-a781-b575706d6c95)
2023-02-15 00:34:10.044+0000 INFO  ======== Neo4j 5.4.0 ========
2023-02-15 00:34:14.041+0000 INFO  Bolt enabled on localhost:7687.
2023-02-15 00:34:15.030+0000 INFO  Remote interface available at http://localhost:7474/
2023-02-15 00:34:15.038+0000 INFO  id: 8C6C69D8489375EAB2F84D95D7DBA5FC4D86CE6AA4371CDF3A603CE1B15AAFD5
2023-02-15 00:34:15.041+0000 INFO  name: system
2023-02-15 00:34:15.043+0000 INFO  creationDate: 2023-02-15T00:34:11.167Z
2023-02-15 00:34:15.046+0000 INFO  Started.
2023-02-15 00:35:14.718+0000 INFO  Neo4j Server shutdown initiated by request
2023-02-15 00:35:14.733+0000 INFO  Stopping...
2023-02-15 00:35:21.596+0000 INFO  Stopped.
2023-02-15 00:35:34.409+0000 WARN  Config file [neo4j/conf/neo4j.conf/neo4j.conf] does not exist.
2023-02-15 00:35:34.424+0000 INFO  Starting...
2023-02-15 00:35:35.284+0000 INFO  This instance is ServerId{8a40ad5d} (8a40ad5d-a63c-4c7f-a781-b575706d6c95)
2023-02-15 00:35:36.528+0000 INFO  ======== Neo4j 5.4.0 ========
2023-02-15 00:35:39.777+0000 INFO  Bolt enabled on localhost:7687.
2023-02-15 00:35:40.767+0000 INFO  Remote interface available at http://localhost:7474/
2023-02-15 00:35:40.773+0000 INFO  id: 8C6C69D8489375EAB2F84D95D7DBA5FC4D86CE6AA4371CDF3A603CE1B15AAFD5
2023-02-15 00:35:40.774+0000 INFO  name: system
2023-02-15 00:35:40.776+0000 INFO  creationDate: 2023-02-15T00:34:11.167Z
2023-02-15 00:35:40.778+0000 INFO  Started.
2023-02-15 00:36:18.704+0000 INFO  Neo4j Server shutdown initiated by request
2023-02-15 00:36:18.705+0000 INFO  Stopping...
2023-02-15 00:36:24.627+0000 INFO  Stopped.
2023-02-15 00:36:38.216+0000 WARN  Config file [neo4j/conf/neo4j.conf/neo4j.conf] does not exist.
2023-02-15 00:36:38.232+0000 INFO  Starting...
2023-02-15 00:36:39.042+0000 INFO  This instance is ServerId{8a40ad5d} (8a40ad5d-a63c-4c7f-a781-b575706d6c95)
2023-02-15 00:36:40.324+0000 INFO  ======== Neo4j 5.4.0 ========
2023-02-15 00:36:43.553+0000 INFO  Bolt enabled on localhost:7687.
2023-02-15 00:36:44.422+0000 INFO  Remote interface available at http://localhost:7474/
2023-02-15 00:36:44.428+0000 INFO  id: 8C6C69D8489375EAB2F84D95D7DBA5FC4D86CE6AA4371CDF3A603CE1B15AAFD5
2023-02-15 00:36:44.429+0000 INFO  name: system
2023-02-15 00:36:44.430+0000 INFO  creationDate: 2023-02-15T00:34:11.167Z
2023-02-15 00:36:44.431+0000 INFO  Started.
2023-02-15 00:37:10.503+0000 INFO  Neo4j Server shutdown initiated by request
2023-02-15 00:37:10.506+0000 INFO  Stopping...
2023-02-15 00:37:16.382+0000 INFO  Stopped.
2023-02-15 00:37:29.469+0000 WARN  Config file [neo4j/conf/neo4j.conf/neo4j.conf] does not exist.
2023-02-15 00:37:29.480+0000 INFO  Starting...
2023-02-15 00:37:30.175+0000 INFO  This instance is ServerId{8a40ad5d} (8a40ad5d-a63c-4c7f-a781-b575706d6c95)
2023-02-15 00:37:31.220+0000 INFO  ======== Neo4j 5.4.0 ========
2023-02-15 00:37:34.749+0000 INFO  Bolt enabled on localhost:7687.
2023-02-15 00:37:35.654+0000 INFO  Remote interface available at http://localhost:7474/
2023-02-15 00:37:35.659+0000 INFO  id: 8C6C69D8489375EAB2F84D95D7DBA5FC4D86CE6AA4371CDF3A603CE1B15AAFD5
2023-02-15 00:37:35.662+0000 INFO  name: system
2023-02-15 00:37:35.665+0000 INFO  creationDate: 2023-02-15T00:34:11.167Z
2023-02-15 00:37:35.667+0000 INFO  Started.
2023-02-15 00:38:02.227+0000 INFO  Neo4j Server shutdown initiated by request
2023-02-15 00:38:02.245+0000 INFO  Stopping...
2023-02-15 00:38:08.353+0000 INFO  Stopped.
2023-02-15 00:39:07.532+0000 WARN  Config file [neo4j/conf/neo4j.conf/neo4j.conf] does not exist.
2023-02-15 00:39:07.544+0000 INFO  Starting...
2023-02-15 00:39:08.344+0000 INFO  This instance is ServerId{8a40ad5d} (8a40ad5d-a63c-4c7f-a781-b575706d6c95)
2023-02-15 00:39:09.784+0000 INFO  ======== Neo4j 5.4.0 ========
2023-02-15 00:39:13.174+0000 INFO  Bolt enabled on localhost:7687.
2023-02-15 00:39:14.187+0000 INFO  Remote interface available at http://localhost:7474/
2023-02-15 00:39:14.193+0000 INFO  id: 8C6C69D8489375EAB2F84D95D7DBA5FC4D86CE6AA4371CDF3A603CE1B15AAFD5
2023-02-15 00:39:14.196+0000 INFO  name: system
2023-02-15 00:39:14.201+0000 INFO  creationDate: 2023-02-15T00:34:11.167Z
2023-02-15 00:39:14.204+0000 INFO  Started.
2023-02-15 00:40:14.215+0000 INFO  Neo4j Server shutdown initiated by request
2023-02-15 00:40:14.217+0000 INFO  Stopping...
2023-02-15 00:40:20.270+0000 INFO  Stopped.
2023-02-15 00:40:39.993+0000 WARN  Config file [neo4j/conf/neo4j.conf/neo4j.conf] does not exist.
2023-02-15 00:40:40.004+0000 INFO  Starting...
2023-02-15 00:40:40.758+0000 INFO  This instance is ServerId{8a40ad5d} (8a40ad5d-a63c-4c7f-a781-b575706d6c95)
2023-02-15 00:40:42.553+0000 INFO  ======== Neo4j 5.4.0 ========
2023-02-15 00:40:46.716+0000 INFO  Bolt enabled on localhost:7687.
2023-02-15 00:40:48.210+0000 INFO  Remote interface available at http://localhost:7474/
2023-02-15 00:40:48.218+0000 INFO  id: 8C6C69D8489375EAB2F84D95D7DBA5FC4D86CE6AA4371CDF3A603CE1B15AAFD5
2023-02-15 00:40:48.220+0000 INFO  name: system
2023-02-15 00:40:48.222+0000 INFO  creationDate: 2023-02-15T00:34:11.167Z
2023-02-15 00:40:48.224+0000 INFO  Started.
2023-02-15 01:55:41.960+0000 WARN  Config file [neo4j/conf/neo4j.conf/neo4j.conf] does not exist.
2023-02-15 01:55:41.997+0000 INFO  Starting...
2023-02-15 01:55:43.440+0000 INFO  This instance is ServerId{8a40ad5d} (8a40ad5d-a63c-4c7f-a781-b575706d6c95)
2023-02-15 01:55:46.454+0000 INFO  ======== Neo4j 5.4.0 ========
2023-02-15 01:55:53.927+0000 INFO  Bolt enabled on localhost:7687.
2023-02-15 01:55:56.414+0000 INFO  Remote interface available at http://localhost:7474/
2023-02-15 01:55:56.437+0000 INFO  id: 8C6C69D8489375EAB2F84D95D7DBA5FC4D86CE6AA4371CDF3A603CE1B15AAFD5
2023-02-15 01:55:56.439+0000 INFO  name: system
2023-02-15 01:55:56.454+0000 INFO  creationDate: 2023-02-15T00:34:11.167Z
2023-02-15 01:55:56.473+0000 INFO  Started.
2023-02-15 02:24:07.785+0000 INFO  Neo4j Server shutdown initiated by request
2023-02-15 02:24:07.829+0000 INFO  Stopping...
2023-02-15 02:24:17.172+0000 INFO  Stopped.
2023-02-15 02:24:39.927+0000 WARN  Config file [neo4j/conf/neo4j.conf/neo4j.conf] does not exist.
2023-02-15 02:24:39.963+0000 INFO  Starting...
2023-02-15 02:24:41.096+0000 INFO  This instance is ServerId{8a40ad5d} (8a40ad5d-a63c-4c7f-a781-b575706d6c95)
2023-02-15 02:24:43.270+0000 INFO  ======== Neo4j 5.4.0 ========
2023-02-15 02:24:47.970+0000 INFO  Bolt enabled on localhost:7687.
2023-02-15 02:24:49.788+0000 INFO  Remote interface available at http://localhost:7474/
2023-02-15 02:24:49.803+0000 INFO  id: 8C6C69D8489375EAB2F84D95D7DBA5FC4D86CE6AA4371CDF3A603CE1B15AAFD5
2023-02-15 02:24:49.805+0000 INFO  name: system
2023-02-15 02:24:49.810+0000 INFO  creationDate: 2023-02-15T00:34:11.167Z
2023-02-15 02:24:49.812+0000 INFO  Started.
2023-02-15 03:09:11.698+0000 INFO  Neo4j Server shutdown initiated by request
2023-02-15 03:09:11.765+0000 INFO  Stopping...
2023-02-15 03:09:19.789+0000 INFO  Stopped.
2023-02-15 03:09:56.838+0000 WARN  Config file [neo4j/conf/neo4j.conf/neo4j.conf] does not exist.
2023-02-15 03:09:56.873+0000 INFO  Starting...
2023-02-15 03:09:58.314+0000 INFO  This instance is ServerId{8a40ad5d} (8a40ad5d-a63c-4c7f-a781-b575706d6c95)
2023-02-15 03:10:00.257+0000 INFO  ======== Neo4j 5.4.0 ========
2023-02-15 03:10:05.593+0000 INFO  Bolt enabled on localhost:7687.
2023-02-15 03:10:08.719+0000 INFO  Remote interface available at http://localhost:7474/
2023-02-15 03:10:08.749+0000 INFO  id: 8C6C69D8489375EAB2F84D95D7DBA5FC4D86CE6AA4371CDF3A603CE1B15AAFD5
2023-02-15 03:10:08.774+0000 INFO  name: system
2023-02-15 03:10:08.783+0000 INFO  creationDate: 2023-02-15T00:34:11.167Z
2023-02-15 03:10:08.791+0000 INFO  Started.
2023-02-15 03:12:10.305+0000 INFO  Neo4j Server shutdown initiated by request
2023-02-15 03:12:10.309+0000 INFO  Stopping...
2023-02-15 03:12:16.459+0000 INFO  Stopped.
2023-02-15 03:12:41.099+0000 WARN  Config file [neo4j/conf/neo4j.conf/neo4j.conf] does not exist.
2023-02-15 03:12:41.115+0000 INFO  Starting...
2023-02-15 03:12:42.543+0000 INFO  This instance is ServerId{8a40ad5d} (8a40ad5d-a63c-4c7f-a781-b575706d6c95)
2023-02-15 03:12:44.581+0000 INFO  ======== Neo4j 5.4.0 ========
2023-02-15 03:12:50.199+0000 INFO  Bolt enabled on localhost:7687.
2023-02-15 03:12:52.017+0000 INFO  Remote interface available at http://localhost:7474/
2023-02-15 03:12:52.032+0000 INFO  id: 8C6C69D8489375EAB2F84D95D7DBA5FC4D86CE6AA4371CDF3A603CE1B15AAFD5
2023-02-15 03:12:52.034+0000 INFO  name: system
2023-02-15 03:12:52.038+0000 INFO  creationDate: 2023-02-15T00:34:11.167Z
2023-02-15 03:12:52.050+0000 INFO  Started.
2023-02-15 03:23:46.673+0000 INFO  Neo4j Server shutdown initiated by request
2023-02-15 03:23:46.676+0000 INFO  Stopping...
2023-02-15 03:23:53.377+0000 INFO  Stopped.
2023-02-15 03:24:27.082+0000 WARN  Config file [neo4j/conf/neo4j.conf/neo4j.conf] does not exist.
2023-02-15 03:24:27.099+0000 INFO  Starting...
2023-02-15 03:24:27.987+0000 INFO  This instance is ServerId{8a40ad5d} (8a40ad5d-a63c-4c7f-a781-b575706d6c95)
2023-02-15 03:24:29.504+0000 INFO  ======== Neo4j 5.4.0 ========
2023-02-15 03:24:34.524+0000 INFO  Bolt enabled on localhost:7687.
2023-02-15 03:24:36.279+0000 INFO  Remote interface available at http://localhost:7474/
2023-02-15 03:24:36.298+0000 INFO  id: 8C6C69D8489375EAB2F84D95D7DBA5FC4D86CE6AA4371CDF3A603CE1B15AAFD5
2023-02-15 03:24:36.301+0000 INFO  name: system
2023-02-15 03:24:36.307+0000 INFO  creationDate: 2023-02-15T00:34:11.167Z
2023-02-15 03:24:36.310+0000 INFO  Started.
2023-02-15 03:25:59.411+0000 INFO  Neo4j Server shutdown initiated by request
2023-02-15 03:25:59.414+0000 INFO  Stopping...
2023-02-15 03:26:05.980+0000 INFO  Stopped.
2023-02-15 03:26:29.063+0000 WARN  Config file [neo4j/conf/neo4j.conf/neo4j.conf] does not exist.
2023-02-15 03:26:29.080+0000 INFO  Starting...
2023-02-15 03:26:30.377+0000 INFO  This instance is ServerId{8a40ad5d} (8a40ad5d-a63c-4c7f-a781-b575706d6c95)
2023-02-15 03:26:32.931+0000 INFO  ======== Neo4j 5.4.0 ========
2023-02-15 03:26:39.052+0000 INFO  Bolt enabled on localhost:7687.
2023-02-15 03:26:40.495+0000 INFO  Remote interface available at http://localhost:7474/
2023-02-15 03:26:40.503+0000 INFO  id: 8C6C69D8489375EAB2F84D95D7DBA5FC4D86CE6AA4371CDF3A603CE1B15AAFD5
2023-02-15 03:26:40.505+0000 INFO  name: system
2023-02-15 03:26:40.507+0000 INFO  creationDate: 2023-02-15T00:34:11.167Z
2023-02-15 03:26:40.510+0000 INFO  Started.
2023-02-15 03:32:55.448+0000 INFO  Neo4j Server shutdown initiated by request
2023-02-15 03:32:55.450+0000 INFO  Stopping...
2023-02-15 03:33:01.229+0000 INFO  Stopped.
2023-02-15 03:33:18.298+0000 WARN  Config file [neo4j/conf/neo4j.conf/neo4j.conf] does not exist.
2023-02-15 03:33:18.322+0000 INFO  Starting...
2023-02-15 03:33:19.328+0000 INFO  This instance is ServerId{8a40ad5d} (8a40ad5d-a63c-4c7f-a781-b575706d6c95)
2023-02-15 03:33:21.038+0000 INFO  ======== Neo4j 5.4.0 ========
2023-02-15 03:33:25.809+0000 INFO  Bolt enabled on localhost:7687.
2023-02-15 03:33:28.044+0000 INFO  Remote interface available at http://localhost:7474/
2023-02-15 03:33:28.056+0000 INFO  id: 8C6C69D8489375EAB2F84D95D7DBA5FC4D86CE6AA4371CDF3A603CE1B15AAFD5
2023-02-15 03:33:28.058+0000 INFO  name: system
2023-02-15 03:33:28.060+0000 INFO  creationDate: 2023-02-15T00:34:11.167Z
2023-02-15 03:33:28.063+0000 INFO  Started.
2023-02-15 03:34:49.858+0000 INFO  Neo4j Server shutdown initiated by request
2023-02-15 03:34:49.862+0000 INFO  Stopping...
2023-02-15 03:34:55.489+0000 INFO  Stopped.
2023-02-15 03:35:19.854+0000 WARN  Config file [neo4j/conf/neo4j.conf/neo4j.conf] does not exist.
2023-02-15 03:35:19.862+0000 INFO  Starting...
2023-02-15 03:35:20.486+0000 INFO  This instance is ServerId{8a40ad5d} (8a40ad5d-a63c-4c7f-a781-b575706d6c95)
2023-02-15 03:35:21.655+0000 INFO  ======== Neo4j 5.4.0 ========
2023-02-15 03:35:25.621+0000 INFO  Bolt enabled on localhost:7687.
2023-02-15 03:35:26.945+0000 INFO  Remote interface available at http://localhost:7474/
2023-02-15 03:35:26.959+0000 INFO  id: 8C6C69D8489375EAB2F84D95D7DBA5FC4D86CE6AA4371CDF3A603CE1B15AAFD5
2023-02-15 03:35:26.963+0000 INFO  name: system
2023-02-15 03:35:26.966+0000 INFO  creationDate: 2023-02-15T00:34:11.167Z
2023-02-15 03:35:26.968+0000 INFO  Started.
2023-02-15 03:37:05.641+0000 INFO  Neo4j Server shutdown initiated by request
2023-02-15 03:37:05.646+0000 INFO  Stopping...
2023-02-15 03:37:11.591+0000 INFO  Stopped.
2023-02-15 03:37:48.077+0000 WARN  Config file [neo4j/conf/neo4j.conf/neo4j.conf] does not exist.
2023-02-15 03:37:48.090+0000 INFO  Starting...
2023-02-15 03:37:48.902+0000 INFO  This instance is ServerId{8a40ad5d} (8a40ad5d-a63c-4c7f-a781-b575706d6c95)
2023-02-15 03:37:50.595+0000 INFO  ======== Neo4j 5.4.0 ========
2023-02-15 03:37:56.034+0000 INFO  Bolt enabled on localhost:7687.
2023-02-15 03:37:57.628+0000 INFO  Remote interface available at http://localhost:7474/
2023-02-15 03:37:57.637+0000 INFO  id: 8C6C69D8489375EAB2F84D95D7DBA5FC4D86CE6AA4371CDF3A603CE1B15AAFD5
2023-02-15 03:37:57.639+0000 INFO  name: system
2023-02-15 03:37:57.641+0000 INFO  creationDate: 2023-02-15T00:34:11.167Z
2023-02-15 03:37:57.643+0000 INFO  Started.
2023-02-15 03:49:16.469+0000 INFO  Neo4j Server shutdown initiated by request
2023-02-15 03:49:16.525+0000 INFO  Stopping...
2023-02-15 03:49:23.176+0000 INFO  Stopped.
2023-02-15 03:49:47.784+0000 WARN  Config file [neo4j/conf/neo4j.conf/neo4j.conf] does not exist.
2023-02-15 03:49:47.803+0000 INFO  Starting...
2023-02-15 03:49:49.009+0000 INFO  This instance is ServerId{8a40ad5d} (8a40ad5d-a63c-4c7f-a781-b575706d6c95)
2023-02-15 03:49:52.963+0000 INFO  ======== Neo4j 5.4.0 ========
2023-02-15 03:49:58.805+0000 INFO  Bolt enabled on localhost:7687.
2023-02-15 03:50:00.278+0000 INFO  Remote interface available at http://localhost:7474/
2023-02-15 03:50:00.289+0000 INFO  id: 8C6C69D8489375EAB2F84D95D7DBA5FC4D86CE6AA4371CDF3A603CE1B15AAFD5
2023-02-15 03:50:00.292+0000 INFO  name: system
2023-02-15 03:50:00.293+0000 INFO  creationDate: 2023-02-15T00:34:11.167Z
2023-02-15 03:50:00.296+0000 INFO  Started.
2023-02-15 05:00:17.316+0000 INFO  Neo4j Server shutdown initiated by request
2023-02-15 05:00:17.503+0000 INFO  Stopping...
2023-02-15 05:00:26.326+0000 INFO  Stopped.
2023-02-15 05:01:11.178+0000 WARN  Config file [neo4j/conf/neo4j.conf/neo4j.conf] does not exist.
2023-02-15 05:01:11.195+0000 INFO  Starting...
2023-02-15 05:01:12.657+0000 INFO  This instance is ServerId{8a40ad5d} (8a40ad5d-a63c-4c7f-a781-b575706d6c95)
2023-02-15 05:01:14.845+0000 INFO  ======== Neo4j 5.4.0 ========
2023-02-15 05:01:20.611+0000 INFO  Bolt enabled on localhost:7687.
2023-02-15 05:01:22.042+0000 INFO  Remote interface available at http://localhost:7474/
2023-02-15 05:01:22.052+0000 INFO  id: 8C6C69D8489375EAB2F84D95D7DBA5FC4D86CE6AA4371CDF3A603CE1B15AAFD5
2023-02-15 05:01:22.058+0000 INFO  name: system
2023-02-15 05:01:22.060+0000 INFO  creationDate: 2023-02-15T00:34:11.167Z
2023-02-15 05:01:22.063+0000 INFO  Started.
2023-02-15 05:02:03.647+0000 INFO  Neo4j Server shutdown initiated by request
2023-02-15 05:02:03.658+0000 INFO  Stopping...
2023-02-15 05:02:09.580+0000 INFO  Stopped.
2023-02-15 05:02:34.153+0000 WARN  Config file [neo4j/conf/neo4j.conf/neo4j.conf] does not exist.
2023-02-15 05:02:34.178+0000 INFO  Starting...
2023-02-15 05:02:35.107+0000 INFO  This instance is ServerId{8a40ad5d} (8a40ad5d-a63c-4c7f-a781-b575706d6c95)
2023-02-15 05:02:36.680+0000 INFO  ======== Neo4j 5.4.0 ========
2023-02-15 05:02:42.556+0000 INFO  Bolt enabled on localhost:7687.
2023-02-15 05:02:43.916+0000 INFO  Remote interface available at http://localhost:7474/
2023-02-15 05:02:43.925+0000 INFO  id: 8C6C69D8489375EAB2F84D95D7DBA5FC4D86CE6AA4371CDF3A603CE1B15AAFD5
2023-02-15 05:02:43.928+0000 INFO  name: system
2023-02-15 05:02:43.929+0000 INFO  creationDate: 2023-02-15T00:34:11.167Z
2023-02-15 05:02:43.931+0000 INFO  Started.
2023-02-15 05:05:43.890+0000 INFO  Neo4j Server shutdown initiated by request
2023-02-15 05:05:43.899+0000 INFO  Stopping...
2023-02-15 05:05:50.389+0000 INFO  Stopped.
2023-02-15 05:06:26.326+0000 WARN  Config file [neo4j/conf/neo4j.conf/neo4j.conf] does not exist.
2023-02-15 05:06:26.389+0000 INFO  Starting...
2023-02-15 05:06:28.692+0000 INFO  This instance is ServerId{8a40ad5d} (8a40ad5d-a63c-4c7f-a781-b575706d6c95)
2023-02-15 05:06:31.109+0000 INFO  ======== Neo4j 5.4.0 ========
2023-02-15 05:06:39.621+0000 INFO  Bolt enabled on localhost:7687.
2023-02-15 05:06:42.360+0000 INFO  Remote interface available at http://localhost:7474/
2023-02-15 05:06:42.370+0000 INFO  id: 8C6C69D8489375EAB2F84D95D7DBA5FC4D86CE6AA4371CDF3A603CE1B15AAFD5
2023-02-15 05:06:42.373+0000 INFO  name: system
2023-02-15 05:06:42.376+0000 INFO  creationDate: 2023-02-15T00:34:11.167Z
2023-02-15 05:06:42.378+0000 INFO  Started.
2023-02-15 05:19:36.935+0000 INFO  Neo4j Server shutdown initiated by request
2023-02-15 05:19:36.994+0000 INFO  Stopping...
2023-02-15 05:20:46.668+0000 WARN  Config file [neo4j/conf/neo4j.conf/neo4j.conf] does not exist.
2023-02-15 05:20:46.695+0000 INFO  Starting...
2023-02-15 05:20:48.873+0000 INFO  This instance is ServerId{8a40ad5d} (8a40ad5d-a63c-4c7f-a781-b575706d6c95)
2023-02-15 05:20:53.407+0000 INFO  ======== Neo4j 5.4.0 ========
2023-02-15 05:21:00.381+0000 INFO  Bolt enabled on localhost:7687.
2023-02-15 05:21:02.191+0000 INFO  Remote interface available at http://localhost:7474/
2023-02-15 05:21:02.205+0000 INFO  id: 8C6C69D8489375EAB2F84D95D7DBA5FC4D86CE6AA4371CDF3A603CE1B15AAFD5
2023-02-15 05:21:02.207+0000 INFO  name: system
2023-02-15 05:21:02.210+0000 INFO  creationDate: 2023-02-15T00:34:11.167Z
2023-02-15 05:21:02.214+0000 INFO  Started.
2023-02-15 05:41:06.036+0000 INFO  Neo4j Server shutdown initiated by request
2023-02-15 05:41:06.258+0000 INFO  Stopping...
2023-02-15 05:41:56.763+0000 WARN  Config file [neo4j/conf/neo4j.conf/neo4j.conf] does not exist.
2023-02-15 05:41:56.781+0000 INFO  Starting...
2023-02-15 05:41:57.783+0000 INFO  This instance is ServerId{8a40ad5d} (8a40ad5d-a63c-4c7f-a781-b575706d6c95)
2023-02-15 05:41:59.306+0000 INFO  ======== Neo4j 5.4.0 ========
2023-02-15 05:42:03.537+0000 INFO  Bolt enabled on localhost:7687.
2023-02-15 05:42:05.100+0000 INFO  Remote interface available at http://localhost:7474/
2023-02-15 05:42:05.112+0000 INFO  id: 8C6C69D8489375EAB2F84D95D7DBA5FC4D86CE6AA4371CDF3A603CE1B15AAFD5
2023-02-15 05:42:05.116+0000 INFO  name: system
2023-02-15 05:42:05.119+0000 INFO  creationDate: 2023-02-15T00:34:11.167Z
2023-02-15 05:42:05.122+0000 INFO  Started.
2023-02-15 05:43:49.810+0000 INFO  Neo4j Server shutdown initiated by request
2023-02-15 05:43:49.880+0000 INFO  Stopping...
2023-02-15 05:43:57.195+0000 INFO  Stopped.
2023-02-15 05:44:32.313+0000 WARN  Config file [neo4j/conf/neo4j.conf/neo4j.conf] does not exist.
2023-02-15 05:44:32.329+0000 INFO  Starting...
2023-02-15 05:44:33.106+0000 INFO  This instance is ServerId{8a40ad5d} (8a40ad5d-a63c-4c7f-a781-b575706d6c95)
2023-02-15 05:44:34.577+0000 INFO  ======== Neo4j 5.4.0 ========
2023-02-15 05:44:38.453+0000 INFO  Bolt enabled on localhost:7687.
2023-02-15 05:44:39.716+0000 INFO  Remote interface available at http://localhost:7474/
2023-02-15 05:44:39.726+0000 INFO  id: 8C6C69D8489375EAB2F84D95D7DBA5FC4D86CE6AA4371CDF3A603CE1B15AAFD5
2023-02-15 05:44:39.728+0000 INFO  name: system
2023-02-15 05:44:39.730+0000 INFO  creationDate: 2023-02-15T00:34:11.167Z
2023-02-15 05:44:39.737+0000 INFO  Started.
2023-02-15 05:49:35.028+0000 INFO  Neo4j Server shutdown initiated by request
2023-02-15 05:49:35.131+0000 INFO  Stopping...
2023-02-15 05:49:44.264+0000 INFO  Stopped.
2023-02-15 05:50:21.688+0000 WARN  Config file [neo4j/conf/neo4j.conf/neo4j.conf] does not exist.
2023-02-15 05:50:21.719+0000 INFO  Starting...
2023-02-15 05:50:24.024+0000 INFO  This instance is ServerId{8a40ad5d} (8a40ad5d-a63c-4c7f-a781-b575706d6c95)
2023-02-15 05:50:26.145+0000 INFO  ======== Neo4j 5.4.0 ========
2023-02-15 05:50:32.837+0000 INFO  Bolt enabled on localhost:7687.
2023-02-15 05:50:35.101+0000 INFO  Remote interface available at http://localhost:7474/
2023-02-15 05:50:35.112+0000 INFO  id: 8C6C69D8489375EAB2F84D95D7DBA5FC4D86CE6AA4371CDF3A603CE1B15AAFD5
2023-02-15 05:50:35.114+0000 INFO  name: system
2023-02-15 05:50:35.122+0000 INFO  creationDate: 2023-02-15T00:34:11.167Z
2023-02-15 05:50:35.127+0000 INFO  Started.
2023-02-15 05:52:45.370+0000 INFO  Neo4j Server shutdown initiated by request
2023-02-15 05:52:45.393+0000 INFO  Stopping...
2023-02-15 05:52:52.129+0000 INFO  Stopped.
2023-02-15 05:53:33.783+0000 WARN  Config file [neo4j/conf/neo4j.conf/neo4j.conf] does not exist.
2023-02-15 05:53:33.806+0000 INFO  Starting...
2023-02-15 05:53:34.666+0000 INFO  This instance is ServerId{8a40ad5d} (8a40ad5d-a63c-4c7f-a781-b575706d6c95)
2023-02-15 05:53:35.912+0000 INFO  ======== Neo4j 5.4.0 ========
2023-02-15 05:53:40.032+0000 INFO  Bolt enabled on localhost:7687.
2023-02-15 05:53:41.095+0000 INFO  Remote interface available at http://localhost:7474/
2023-02-15 05:53:41.104+0000 INFO  id: 8C6C69D8489375EAB2F84D95D7DBA5FC4D86CE6AA4371CDF3A603CE1B15AAFD5
2023-02-15 05:53:41.112+0000 INFO  name: system
2023-02-15 05:53:41.117+0000 INFO  creationDate: 2023-02-15T00:34:11.167Z
2023-02-15 05:53:41.119+0000 INFO  Started.
2023-02-15 06:14:54.243+0000 INFO  Neo4j Server shutdown initiated by request
2023-02-15 06:14:54.293+0000 INFO  Stopping...
2023-02-15 06:15:04.030+0000 INFO  Stopped.
2023-02-15 06:15:37.981+0000 WARN  Config file [neo4j/conf/neo4j.conf/neo4j.conf] does not exist.
2023-02-15 06:15:37.994+0000 INFO  Starting...
2023-02-15 06:15:38.834+0000 INFO  This instance is ServerId{8a40ad5d} (8a40ad5d-a63c-4c7f-a781-b575706d6c95)
2023-02-15 06:15:40.213+0000 INFO  ======== Neo4j 5.4.0 ========
2023-02-15 06:15:43.785+0000 INFO  Bolt enabled on localhost:7687.
2023-02-15 06:15:44.929+0000 INFO  Remote interface available at http://localhost:7474/
2023-02-15 06:15:44.935+0000 INFO  id: 8C6C69D8489375EAB2F84D95D7DBA5FC4D86CE6AA4371CDF3A603CE1B15AAFD5
2023-02-15 06:15:44.937+0000 INFO  name: system
2023-02-15 06:15:44.938+0000 INFO  creationDate: 2023-02-15T00:34:11.167Z
2023-02-15 06:15:44.940+0000 INFO  Started.
2023-02-15 06:29:23.291+0000 INFO  Neo4j Server shutdown initiated by request
2023-02-15 06:29:23.426+0000 INFO  Stopping...
2023-02-16 00:27:30.783+0000 WARN  Config file [neo4j/conf/neo4j.conf/neo4j.conf] does not exist.
2023-02-16 00:27:30.807+0000 INFO  Starting...
2023-02-16 00:27:32.728+0000 INFO  This instance is ServerId{8a40ad5d} (8a40ad5d-a63c-4c7f-a781-b575706d6c95)
2023-02-16 00:27:36.015+0000 INFO  ======== Neo4j 5.4.0 ========
2023-02-16 00:27:44.600+0000 INFO  Bolt enabled on localhost:7687.
2023-02-16 00:27:48.358+0000 INFO  Remote interface available at http://localhost:7474/
2023-02-16 00:27:48.376+0000 INFO  id: 8C6C69D8489375EAB2F84D95D7DBA5FC4D86CE6AA4371CDF3A603CE1B15AAFD5
2023-02-16 00:27:48.388+0000 INFO  name: system
2023-02-16 00:27:48.391+0000 INFO  creationDate: 2023-02-15T00:34:11.167Z
2023-02-16 00:27:48.394+0000 INFO  Started.
2023-02-16 03:12:34.127+0000 INFO  Neo4j Server shutdown initiated by request
2023-02-16 03:12:34.364+0000 INFO  Stopping...
