{"message":"app listening at http://:::3000","level":"info","service":"user-service"}
{"message":"app listening at http://:::3000","level":"info","service":"user-service"}
{"message":"app listening at http://:::3000","level":"info","service":"user-service"}
{"message":"app listening at http://:::3000","level":"info","service":"user-service"}
{"message":"app listening at http://:::3000","level":"info","service":"user-service"}
{"message":"app listening at http://:::3000","level":"info","service":"user-service"}
{"message":"app listening at http://:::3000","level":"info","service":"user-service"}
{"message":"app listening at http://:::3000","level":"info","service":"user-service"}
{"message":"app listening at http://:::3000","level":"info","service":"user-service"}
{"message":"app listening at http://:::3000","level":"info","service":"user-service"}
{"message":"app listening at http://:::3000","level":"info","service":"user-service"}
{"message":"app listening at http://:::3000","level":"info","service":"user-service"}
{"message":"app listening at http://:::3000","level":"info","service":"user-service"}
{"message":"app listening at http://:::3000","level":"info","service":"user-service"}
{"message":"app listening at http://:::3000","level":"info","service":"user-service"}
{"message":"app listening at http://:::3000","level":"info","service":"user-service"}
{"message":"app listening at http://:::3000","level":"info","service":"user-service"}
{"message":"app listening at http://:::3000","level":"info","service":"user-service"}
{"message":"app listening at http://:::3000","level":"info","service":"user-service"}
{"message":"app listening at http://:::3000","level":"info","service":"user-service"}
{"message":"app listening at http://:::3000","level":"info","service":"user-service"}
{"message":"app listening at http://:::3000","level":"info","service":"user-service"}
{"message":"app listening at http://:::3000","level":"info","service":"user-service"}
{"message":"app listening at http://:::3000","level":"info","service":"user-service"}
{"message":"app listening at http://:::3000","level":"info","service":"user-service"}
{"message":"app listening at http://:::3000","level":"info","service":"user-service"}
{"message":"app listening at http://:::3000","level":"info","service":"user-service"}
{"message":"app listening at http://:::3000","level":"info","service":"user-service"}
{"message":"app listening at http://:::3000","level":"info","service":"user-service"}
{"message":"app listening at http://:::3000","level":"info","service":"user-service"}
{"message":"app listening at http://:::3000","level":"info","service":"user-service"}
{"message":"app listening at http://:::3000","level":"info","service":"user-service"}
{"message":"app listening at http://:::3000","level":"info","service":"user-service"}
{"message":"app listening at http://:::3000","level":"info","service":"user-service"}
{"message":"app listening at http://:::3000","level":"info","service":"user-service"}
{"message":"app listening at http://:::3000","level":"info","service":"user-service"}
{"message":"app listening at http://:::3000","level":"info","service":"user-service"}
{"message":"app listening at http://:::3000","level":"info","service":"user-service"}
{"message":"app listening at http://:::3000","level":"info","service":"user-service"}
{"message":"app listening at http://:::3000","level":"info","service":"user-service"}
{"message":"app listening at http://:::3000","level":"info","service":"user-service"}
{"message":"app listening at http://:::3000","level":"info","service":"user-service"}
{"message":"app listening at http://:::3000","level":"info","service":"user-service"}
{"message":"app listening at http://:::3000","level":"info","service":"user-service"}
{"message":"app listening at http://:::3000","level":"info","service":"user-service"}
{"message":"app listening at http://:::3000","level":"info","service":"user-service"}
<<<<<<< HEAD
{"message":"app listening at http://:::3000","level":"info","service":"user-service"}
{"message":"app listening at http://:::3000","level":"info","service":"user-service"}
{"message":"app listening at http://:::3000","level":"info","service":"user-service"}
{"message":"app listening at http://:::3000","level":"info","service":"user-service"}
{"message":"app listening at http://:::3000","level":"info","service":"user-service"}
{"message":"app listening at http://:::3000","level":"info","service":"user-service"}
{"message":"app listening at http://:::3000","level":"info","service":"user-service"}
{"message":"app listening at http://:::3000","level":"info","service":"user-service"}
{"message":"app listening at http://:::3000","level":"info","service":"user-service"}
{"message":"app listening at http://:::3000","level":"info","service":"user-service"}
{"message":"app listening at http://:::3000","level":"info","service":"user-service"}
{"message":"app listening at http://:::3000","level":"info","service":"user-service"}
{"message":"app listening at http://:::3000","level":"info","service":"user-service"}
{"message":"app listening at http://:::3000","level":"info","service":"user-service"}
{"message":"app listening at http://:::3000","level":"info","service":"user-service"}
{"level":"info","message":"app listening at http://:::3000","service":"user-service"}
{"level":"info","message":"app listening at http://:::3000","service":"user-service"}
{"level":"info","message":"app listening at http://:::3000","service":"user-service"}
{"level":"info","message":"app listening at http://:::3000","service":"user-service"}
{"level":"info","message":"app listening at http://:::3000","service":"user-service"}
{"level":"info","message":"app listening at http://:::3000","service":"user-service"}
{"level":"info","message":"app listening at http://:::3000","service":"user-service"}
{"level":"info","message":"app listening at http://:::3000","service":"user-service"}
{"level":"info","message":"app listening at http://:::3000","service":"user-service"}
{"level":"info","message":"app listening at http://:::3000","service":"user-service"}
{"level":"info","message":"app listening at http://:::3000","service":"user-service"}
{"level":"info","message":"app listening at http://:::3000","service":"user-service"}
{"level":"info","message":"app listening at http://:::3000","service":"user-service"}
{"level":"info","message":"app listening at http://:::3000","service":"user-service"}
{"level":"info","message":"app listening at http://:::3000","service":"user-service"}
{"level":"info","message":"app listening at http://:::3000","service":"user-service"}
{"level":"info","message":"app listening at http://:::3000","service":"user-service"}
{"level":"info","message":"app listening at http://:::3000","service":"user-service"}
{"level":"info","message":"app listening at http://:::3000","service":"user-service"}
{"level":"info","message":"app listening at http://:::3000","service":"user-service"}
{"level":"info","message":"app listening at http://:::3000","service":"user-service"}
{"level":"info","message":"app listening at http://:::3000","service":"user-service"}
{"level":"info","message":"app listening at http://:::3000","service":"user-service"}
{"level":"info","message":"app listening at http://:::3000","service":"user-service"}
{"level":"info","message":"app listening at http://:::3000","service":"user-service"}
{"level":"info","message":"app listening at http://:::3000","service":"user-service"}
{"level":"info","message":"app listening at http://:::3000","service":"user-service"}
{"level":"info","message":"app listening at http://:::3000","service":"user-service"}
{"level":"info","message":"app listening at http://:::3000","service":"user-service"}
{"body":{"error":{"message":"No token provided","status":401}},"headers":{"access-control-allow-credentials":"true","access-control-allow-headers":"Accept, App-Platform, Authorization, Content-Type, Origin, Retry-After, Spotify-App-Version, X-Cloud-Trace-Context, client-token, content-access-token","access-control-allow-methods":"GET, POST, OPTIONS, PUT, DELETE, PATCH","access-control-allow-origin":"*","access-control-max-age":"604800","alt-svc":"h3=\":443\"; ma=2592000,h3-29=\":443\"; ma=2592000","connection":"close","content-encoding":"gzip","content-type":"application/json","date":"Wed, 21 Sep 2022 19:00:14 GMT","server":"envoy","strict-transport-security":"max-age=31536000","transfer-encoding":"chunked","via":"HTTP/2 edgeproxy, 1.1 google","www-authenticate":"Bearer realm=\"spotify\"","x-content-type-options":"nosniff"},"level":"error","service":"user-service","statusCode":401}
{"level":"info","message":"app listening at http://:::3000","service":"user-service"}
{"level":"info","message":"app listening at http://:::3000","service":"user-service"}
{"level":"error","service":"user-service"}
{"level":"info","message":"app listening at http://:::3000","service":"user-service"}
{"level":"error","service":"user-service"}
{"level":"info","message":"app listening at http://:::3000","service":"user-service"}
{"level":"error","service":"user-service"}
{"level":"info","message":"app listening at http://:::3000","service":"user-service"}
{"level":"info","message":"app listening at http://:::3000","service":"user-service"}
{"level":"info","message":"app listening at http://:::3000","service":"user-service"}
{"level":"info","message":"app listening at http://:::3000","service":"user-service"}
{"level":"info","message":"app listening at http://:::3000","service":"user-service"}
{"level":"info","message":"app listening at http://:::3000","service":"user-service"}
{"body":{"error":{"message":"The access token expired","status":401}},"headers":{"access-control-allow-credentials":"true","access-control-allow-headers":"Accept, App-Platform, Authorization, Content-Type, Origin, Retry-After, Spotify-App-Version, X-Cloud-Trace-Context, client-token, content-access-token","access-control-allow-methods":"GET, POST, OPTIONS, PUT, DELETE, PATCH","access-control-allow-origin":"*","access-control-max-age":"604800","alt-svc":"h3=\":443\"; ma=2592000,h3-29=\":443\"; ma=2592000","connection":"close","content-encoding":"gzip","content-type":"application/json","date":"Wed, 21 Sep 2022 22:32:11 GMT","server":"envoy","strict-transport-security":"max-age=31536000","transfer-encoding":"chunked","via":"HTTP/2 edgeproxy, 1.1 google","www-authenticate":"Bearer realm=\"spotify\", error=\"invalid_token\", error_description=\"The access token expired\"","x-content-type-options":"nosniff"},"level":"error","service":"user-service","statusCode":401}
{"level":"info","message":"app listening at http://:::3000","service":"user-service"}
{"level":"info","message":"app listening at http://:::3000","service":"user-service"}
=======
>>>>>>> 66971e606317e03691e6e5aa8518ae542e1ccd70
{"level":"info","message":"app listening at http://:::3000","service":"user-service"}
{"level":"info","message":"app listening at http://:::3000","service":"user-service"}
{"level":"info","message":"app listening at http://:::3000","service":"user-service"}
{"level":"info","message":"app listening at http://:::3000","service":"user-service"}
{"level":"info","message":"app listening at http://:::3000","service":"user-service"}
{"level":"info","message":"app listening at http://:::3000","service":"user-service"}
{"level":"info","message":"app listening at http://:::3000","service":"user-service"}
{"level":"info","message":"app listening at http://:::3000","service":"user-service"}
{"level":"info","message":"app listening at http://:::3000","service":"user-service"}
{"level":"info","message":"app listening at http://:::3000","service":"user-service"}
{"level":"info","message":"app listening at http://:::3000","service":"user-service"}
{"level":"info","message":"app listening at http://:::3000","service":"user-service"}
{"level":"info","message":"app listening at http://:::3000","service":"user-service"}
{"level":"info","message":"app listening at http://:::3000","service":"user-service"}
{"level":"info","message":"app listening at http://:::3000","service":"user-service"}
{"level":"info","message":"app listening at http://:::3000","service":"user-service"}
{"level":"info","message":"app listening at http://:::3000","service":"user-service"}
{"level":"info","message":"app listening at http://:::3000","service":"user-service"}
{"level":"info","message":"app listening at http://:::3000","service":"user-service"}
{"level":"info","message":"app listening at http://:::3000","service":"user-service"}
{"level":"info","message":"app listening at http://:::3000","service":"user-service"}
{"level":"info","message":"app listening at http://:::3000","service":"user-service"}
{"level":"info","message":"app listening at http://:::3000","service":"user-service"}
{"level":"info","message":"app listening at http://:::3000","service":"user-service"}
{"level":"info","message":"app listening at http://:::3000","service":"user-service"}
{"level":"info","message":"app listening at http://:::3000","service":"user-service"}
{"level":"info","message":"app listening at http://:::3000","service":"user-service"}
{"level":"info","message":"app listening at http://:::3000","service":"user-service"}
{"level":"info","message":"app listening at http://:::3000","service":"user-service"}
{"level":"info","message":"app listening at http://:::3000","service":"user-service"}
{"level":"info","message":"app listening at http://:::3000","service":"user-service"}
{"level":"info","message":"app listening at http://:::3000","service":"user-service"}
{"level":"info","message":"app listening at http://:::3000","service":"user-service"}
{"level":"info","message":"app listening at http://:::3000","service":"user-service"}
{"level":"info","message":"app listening at http://:::3000","service":"user-service"}
{"level":"info","message":"app listening at http://:::3000","service":"user-service"}
{"level":"info","message":"app listening at http://:::3000","service":"user-service"}
{"level":"info","message":"app listening at http://:::3000","service":"user-service"}
{"level":"info","message":"app listening at http://:::3000","service":"user-service"}
{"level":"info","message":"app listening at http://:::3000","service":"user-service"}
{"level":"info","message":"app listening at http://:::3000","service":"user-service"}
{"level":"info","message":"app listening at http://:::3000","service":"user-service"}
{"level":"info","message":"app listening at http://:::3000","service":"user-service"}
{"level":"info","message":"app listening at http://:::3000","service":"user-service"}
{"level":"info","message":"app listening at http://:::3000","service":"user-service"}
